Determining if the pthread_create exist failed with the following output:
Change Dir: /home/bivanovi/rosbuild_ws/BagFromImages/build/CMakeFiles/CMakeTmp

Run Build Command:/usr/bin/make "cmTryCompileExec310801150/fast"
/usr/bin/make -f CMakeFiles/cmTryCompileExec310801150.dir/build.make CMakeFiles/cmTryCompileExec310801150.dir/build
make[1]: Entering directory `/home/bivanovi/rosbuild_ws/BagFromImages/build/CMakeFiles/CMakeTmp'
/usr/bin/cmake -E cmake_progress_report /home/bivanovi/rosbuild_ws/BagFromImages/build/CMakeFiles/CMakeTmp/CMakeFiles 1
Building C object CMakeFiles/cmTryCompileExec310801150.dir/CheckSymbolExists.c.o
/usr/bin/cc    -o CMakeFiles/cmTryCompileExec310801150.dir/CheckSymbolExists.c.o   -c /home/bivanovi/rosbuild_ws/BagFromImages/build/CMakeFiles/CMakeTmp/CheckSymbolExists.c
Linking C executable cmTryCompileExec310801150
/usr/bin/cmake -E cmake_link_script CMakeFiles/cmTryCompileExec310801150.dir/link.txt --verbose=1
/usr/bin/cc       CMakeFiles/cmTryCompileExec310801150.dir/CheckSymbolExists.c.o  -o cmTryCompileExec310801150 -rdynamic 
CMakeFiles/cmTryCompileExec310801150.dir/CheckSymbolExists.c.o: In function `main':
CheckSymbolExists.c:(.text+0x16): undefined reference to `pthread_create'
collect2: error: ld returned 1 exit status
make[1]: *** [cmTryCompileExec310801150] Error 1
make[1]: Leaving directory `/home/bivanovi/rosbuild_ws/BagFromImages/build/CMakeFiles/CMakeTmp'
make: *** [cmTryCompileExec310801150/fast] Error 2

File /home/bivanovi/rosbuild_ws/BagFromImages/build/CMakeFiles/CMakeTmp/CheckSymbolExists.c:
/* */
#include <pthread.h>

int main(int argc, char** argv)
{
  (void)argv;
#ifndef pthread_create
  return ((int*)(&pthread_create))[argc];
#else
  (void)argc;
  return 0;
#endif
}

Determining if the function pthread_create exists in the pthreads failed with the following output:
Change Dir: /home/bivanovi/rosbuild_ws/BagFromImages/build/CMakeFiles/CMakeTmp

Run Build Command:/usr/bin/make "cmTryCompileExec1845832528/fast"
/usr/bin/make -f CMakeFiles/cmTryCompileExec1845832528.dir/build.make CMakeFiles/cmTryCompileExec1845832528.dir/build
make[1]: Entering directory `/home/bivanovi/rosbuild_ws/BagFromImages/build/CMakeFiles/CMakeTmp'
/usr/bin/cmake -E cmake_progress_report /home/bivanovi/rosbuild_ws/BagFromImages/build/CMakeFiles/CMakeTmp/CMakeFiles 1
Building C object CMakeFiles/cmTryCompileExec1845832528.dir/CheckFunctionExists.c.o
/usr/bin/cc   -DCHECK_FUNCTION_EXISTS=pthread_create   -o CMakeFiles/cmTryCompileExec1845832528.dir/CheckFunctionExists.c.o   -c /usr/share/cmake-2.8/Modules/CheckFunctionExists.c
Linking C executable cmTryCompileExec1845832528
/usr/bin/cmake -E cmake_link_script CMakeFiles/cmTryCompileExec1845832528.dir/link.txt --verbose=1
/usr/bin/cc   -DCHECK_FUNCTION_EXISTS=pthread_create    CMakeFiles/cmTryCompileExec1845832528.dir/CheckFunctionExists.c.o  -o cmTryCompileExec1845832528 -rdynamic -lpthreads 
/usr/bin/ld: cannot find -lpthreads
collect2: error: ld returned 1 exit status
make[1]: *** [cmTryCompileExec1845832528] Error 1
make[1]: Leaving directory `/home/bivanovi/rosbuild_ws/BagFromImages/build/CMakeFiles/CMakeTmp'
make: *** [cmTryCompileExec1845832528/fast] Error 2


